<?xml version="1.0" encoding="UTF-8"?>
<testsuite name="CadastroSpec" tests="2" skipped="0" failures="0" errors="0" timestamp="2026-02-18T20:38:47.141Z" hostname="fedora" time="0.083">
  <properties/>
  <testcase name="deve inserir um novo candidato na lista de candidatos" classname="CadastroSpec" time="0.074"/>
  <testcase name="deve inserir uma nova empresa na lista de empresas" classname="CadastroSpec" time="0.008"/>
  <system-out><![CDATA[]]></system-out>
  <system-err><![CDATA[]]></system-err>
</testsuite>
