<?xml version="1.0" encoding="UTF-8"?>
<testsuite name="EmpresaValidatorSpec" tests="7" skipped="0" failures="0" errors="0" timestamp="2026-04-21T18:03:48.528Z" hostname="fedora" time="0.158">
  <properties/>
  <testcase name="deve aceitar empresa com dados validos" classname="EmpresaValidatorSpec" time="0.123"/>
  <testcase name="deve rejeitar quando nome='null'" classname="EmpresaValidatorSpec" time="0.006"/>
  <testcase name="deve rejeitar quando nome=''" classname="EmpresaValidatorSpec" time="0.001"/>
  <testcase name="deve rejeitar quando nome='   '" classname="EmpresaValidatorSpec" time="0.0"/>
  <testcase name="deve rejeitar email invalido" classname="EmpresaValidatorSpec" time="0.002"/>
  <testcase name="deve rejeitar cnpj com menos de 14 digitos" classname="EmpresaValidatorSpec" time="0.003"/>
  <testcase name="deve aceitar cnpj com 14 digitos numericos" classname="EmpresaValidatorSpec" time="0.003"/>
  <system-out><![CDATA[]]></system-out>
  <system-err><![CDATA[]]></system-err>
</testsuite>
